# JRE version: OpenJDK Runtime Environment Temurin-17.0.17+10 (17.0.17+10) (build 17.0.17+10)
# Java VM: OpenJDK 64-Bit Server VM Temurin-17.0.17+10 (17.0.17+10, mixed mode, sharing, tiered, compressed oops, compressed class ptrs, g1 gc, windows-amd64)
GC Precious Log:
 CPUs: 12 total, 12 available
 Memory: 16173M
 Large Page Support: Disabled
 NUMA Support: Disabled
 Compressed Oops: Enabled (Zero based)
 Heap Region Size: 8M
 Heap Min Capacity: 8M
 Heap Initial Capacity: 256M
 Heap Max Capacity: 9G
 Pre-touch: Disabled
 Parallel Workers: 10
 Concurrent Workers: 3
 Concurrent Refinement Workers: 10
 Periodic GC: Disabled
Heap:
 garbage-first heap   total 139264K, used 61677K [0x00000005c0000000, 0x0000000800000000)
  region size 8192K, 3 young (24576K), 1 survivors (8192K)
 Metaspace       used 68766K, committed 69440K, reserved 1114112K
  class space    used 9623K, committed 9920K, reserved 1048576K
GC Heap History (20 events):
Event: 5.535 GC heap before
{Heap before GC invocations=9 (full 0):
 garbage-first heap   total 139264K, used 68756K [0x00000005c0000000, 0x0000000800000000)
  region size 8192K, 7 young (57344K), 1 survivors (8192K)
 Metaspace       used 35749K, committed 36160K, reserved 1114112K
  class space    used 4984K, committed 5184K, reserved 1048576K
}
Event: 5.540 GC heap after
{Heap after GC invocations=10 (full 0):
 garbage-first heap   total 139264K, used 31091K [0x00000005c0000000, 0x0000000800000000)
  region size 8192K, 2 young (16384K), 2 survivors (16384K)
 Metaspace       used 35749K, committed 36160K, reserved 1114112K
  class space    used 4984K, committed 5184K, reserved 1048576K
}
Event: 6.735 GC heap before
{Heap before GC invocations=11 (full 0):
 garbage-first heap   total 139264K, used 88435K [0x00000005c0000000, 0x0000000800000000)
  region size 8192K, 9 young (73728K), 2 survivors (16384K)
 Metaspace       used 41550K, committed 41984K, reserved 1114112K
  class space    used 5998K, committed 6208K, reserved 1048576K
}
Event: 6.741 GC heap after
{Heap after GC invocations=12 (full 0):
 garbage-first heap   total 139264K, used 36067K [0x00000005c0000000, 0x0000000800000000)
  region size 8192K, 2 young (16384K), 2 survivors (16384K)
 Metaspace       used 41550K, committed 41984K, reserved 1114112K
  class space    used 5998K, committed 6208K, reserved 1048576K
}
Event: 7.803 GC heap before
{Heap before GC invocations=12 (full 0):
 garbage-first heap   total 139264K, used 93411K [0x00000005c0000000, 0x0000000800000000)
  region size 8192K, 9 young (73728K), 2 survivors (16384K)
 Metaspace       used 43251K, committed 43648K, reserved 1114112K
  class space    used 6182K, committed 6400K, reserved 1048576K
}
Event: 7.813 GC heap after
{Heap after GC invocations=13 (full 0):
 garbage-first heap   total 139264K, used 38302K [0x00000005c0000000, 0x0000000800000000)
  region size 8192K, 2 young (16384K), 2 survivors (16384K)
 Metaspace       used 43251K, committed 43648K, reserved 1114112K
  class space    used 6182K, committed 6400K, reserved 1048576K
}
Event: 9.708 GC heap before
{Heap before GC invocations=13 (full 0):
 garbage-first heap   total 139264K, used 95646K [0x00000005c0000000, 0x0000000800000000)
  region size 8192K, 9 young (73728K), 2 survivors (16384K)
 Metaspace       used 47931K, committed 48384K, reserved 1114112K
  class space    used 6824K, committed 7040K, reserved 1048576K
}
Event: 9.712 GC heap after
{Heap after GC invocations=14 (full 0):
 garbage-first heap   total 139264K, used 42569K [0x00000005c0000000, 0x0000000800000000)
  region size 8192K, 2 young (16384K), 2 survivors (16384K)
 Metaspace       used 47931K, committed 48384K, reserved 1114112K
  class space    used 6824K, committed 7040K, reserved 1048576K
}
Event: 10.694 GC heap before
{Heap before GC invocations=14 (full 0):
 garbage-first heap   total 139264K, used 91721K [0x00000005c0000000, 0x0000000800000000)
  region size 8192K, 9 young (73728K), 2 survivors (16384K)
 Metaspace       used 53937K, committed 54464K, reserved 1114112K
  class space    used 7618K, committed 7872K, reserved 1048576K
}
Event: 10.706 GC heap after
{Heap after GC invocations=15 (full 0):
 garbage-first heap   total 139264K, used 45379K [0x00000005c0000000, 0x0000000800000000)
  region size 8192K, 2 young (16384K), 2 survivors (16384K)
 Metaspace       used 53937K, committed 54464K, reserved 1114112K
  class space    used 7618K, committed 7872K, reserved 1048576K
}
Event: 11.599 GC heap before
{Heap before GC invocations=15 (full 0):
 garbage-first heap   total 139264K, used 86339K [0x00000005c0000000, 0x0000000800000000)
  region size 8192K, 8 young (65536K), 2 survivors (16384K)
 Metaspace       used 59872K, committed 60416K, reserved 1114112K
  class space    used 8317K, committed 8576K, reserved 1048576K
}
Event: 11.606 GC heap after
{Heap after GC invocations=16 (full 0):
 garbage-first heap   total 139264K, used 48599K [0x00000005c0000000, 0x0000000800000000)
  region size 8192K, 1 young (8192K), 1 survivors (8192K)
 Metaspace       used 59872K, committed 60416K, reserved 1114112K
  class space    used 8317K, committed 8576K, reserved 1048576K
}
Event: 11.607 GC heap before
{Heap before GC invocations=16 (full 0):
 garbage-first heap   total 139264K, used 48599K [0x00000005c0000000, 0x0000000800000000)
  region size 8192K, 2 young (16384K), 1 survivors (8192K)
 Metaspace       used 59876K, committed 60416K, reserved 1114112K
  class space    used 8317K, committed 8576K, reserved 1048576K
}
Event: 11.612 GC heap after
{Heap after GC invocations=17 (full 0):
 garbage-first heap   total 139264K, used 49138K [0x00000005c0000000, 0x0000000800000000)
  region size 8192K, 1 young (8192K), 1 survivors (8192K)
 Metaspace       used 59876K, committed 60416K, reserved 1114112K
  class space    used 8317K, committed 8576K, reserved 1048576K
}
Event: 13.728 GC heap before
{Heap before GC invocations=18 (full 0):
 garbage-first heap   total 139264K, used 98290K [0x00000005c0000000, 0x0000000800000000)
  region size 8192K, 7 young (57344K), 1 survivors (8192K)
 Metaspace       used 65801K, committed 66304K, reserved 1114112K
  class space    used 9156K, committed 9408K, reserved 1048576K
}
Event: 13.732 GC heap after
{Heap after GC invocations=19 (full 0):
 garbage-first heap   total 139264K, used 53065K [0x00000005c0000000, 0x0000000800000000)
  region size 8192K, 1 young (8192K), 1 survivors (8192K)
 Metaspace       used 65801K, committed 66304K, reserved 1114112K
  class space    used 9156K, committed 9408K, reserved 1048576K
}
Event: 14.126 GC heap before
{Heap before GC invocations=20 (full 0):
 garbage-first heap   total 139264K, used 102217K [0x00000005c0000000, 0x0000000800000000)
  region size 8192K, 7 young (57344K), 1 survivors (8192K)
 Metaspace       used 66568K, committed 67264K, reserved 1114112K
  class space    used 9284K, committed 9600K, reserved 1048576K
}
Event: 14.132 GC heap after
{Heap after GC invocations=21 (full 0):
 garbage-first heap   total 139264K, used 58079K [0x00000005c0000000, 0x0000000800000000)
  region size 8192K, 1 young (8192K), 1 survivors (8192K)
 Metaspace       used 66568K, committed 67264K, reserved 1114112K
  class space    used 9284K, committed 9600K, reserved 1048576K
}
Event: 14.494 GC heap before
{Heap before GC invocations=21 (full 0):
 garbage-first heap   total 139264K, used 99039K [0x00000005c0000000, 0x0000000800000000)
  region size 8192K, 6 young (49152K), 1 survivors (8192K)
 Metaspace       used 68268K, committed 68928K, reserved 1114112K
  class space    used 9553K, committed 9856K, reserved 1048576K
}
Event: 14.498 GC heap after
{Heap after GC invocations=22 (full 0):
 garbage-first heap   total 139264K, used 61677K [0x00000005c0000000, 0x0000000800000000)
  region size 8192K, 1 young (8192K), 1 survivors (8192K)
 Metaspace       used 68268K, committed 68928K, reserved 1114112K
  class space    used 9553K, committed 9856K, reserved 1048576K
}

